{"/Users/Shimna/google prompt wars/Promptwars8May/src/engine/TripPlanner.ts": {"path":"/Users/Shimna/google prompt wars/Promptwars8May/src/engine/TripPlanner.ts","statementMap":{"0":{"start":{"line":2,"column":0},"end":{"line":2,"column":44}},"1":{"start":{"line":17,"column":4},"end":{"line":42,"column":5}},"2":{"start":{"line":18,"column":6},"end":{"line":18,"column":97}},"3":{"start":{"line":19,"column":6},"end":{"line":41,"column":7}},"4":{"start":{"line":20,"column":27},"end":{"line":20,"column":82}},"5":{"start":{"line":21,"column":31},"end":{"line":25,"column":10}},"6":{"start":{"line":26,"column":28},"end":{"line":29,"column":10}},"7":{"start":{"line":30,"column":31},"end":{"line":30,"column":69}},"8":{"start":{"line":32,"column":8},"end":{"line":37,"column":9}},"9":{"start":{"line":33,"column":10},"end":{"line":33,"column":93}},"10":{"start":{"line":34,"column":10},"end":{"line":34,"column":54}},"11":{"start":{"line":36,"column":10},"end":{"line":36,"column":71}},"12":{"start":{"line":39,"column":8},"end":{"line":39,"column":66}},"13":{"start":{"line":39,"column":56},"end":{"line":39,"column":66}},"14":{"start":{"line":40,"column":8},"end":{"line":40,"column":102}},"15":{"start":{"line":44,"column":4},"end":{"line":44,"column":155}},"16":{"start":{"line":46,"column":18},"end":{"line":46,"column":47}},"17":{"start":{"line":49,"column":20},"end":{"line":49,"column":50}},"18":{"start":{"line":50,"column":20},"end":{"line":50,"column":32}},"19":{"start":{"line":51,"column":25},"end":{"line":51,"column":56}},"20":{"start":{"line":52,"column":25},"end":{"line":52,"column":37}},"21":{"start":{"line":53,"column":25},"end":{"line":53,"column":55}},"22":{"start":{"line":54,"column":25},"end":{"line":54,"column":37}},"23":{"start":{"line":57,"column":25},"end":{"line":57,"column":38}},"24":{"start":{"line":58,"column":24},"end":{"line":58,"column":37}},"25":{"start":{"line":60,"column":4},"end":{"line":66,"column":5}},"26":{"start":{"line":61,"column":6},"end":{"line":61,"column":47}},"27":{"start":{"line":62,"column":6},"end":{"line":62,"column":31}},"28":{"start":{"line":63,"column":11},"end":{"line":66,"column":5}},"29":{"start":{"line":64,"column":6},"end":{"line":64,"column":53}},"30":{"start":{"line":65,"column":6},"end":{"line":65,"column":32}},"31":{"start":{"line":69,"column":4},"end":{"line":100,"column":5}},"32":{"start":{"line":71,"column":8},"end":{"line":71,"column":67}},"33":{"start":{"line":72,"column":8},"end":{"line":74,"column":9}},"34":{"start":{"line":73,"column":10},"end":{"line":73,"column":77}},"35":{"start":{"line":75,"column":8},"end":{"line":75,"column":68}},"36":{"start":{"line":76,"column":8},"end":{"line":76,"column":38}},"37":{"start":{"line":77,"column":8},"end":{"line":77,"column":14}},"38":{"start":{"line":79,"column":8},"end":{"line":79,"column":73}},"39":{"start":{"line":80,"column":8},"end":{"line":80,"column":70}},"40":{"start":{"line":81,"column":8},"end":{"line":81,"column":14}},"41":{"start":{"line":83,"column":8},"end":{"line":83,"column":64}},"42":{"start":{"line":84,"column":8},"end":{"line":86,"column":9}},"43":{"start":{"line":85,"column":10},"end":{"line":85,"column":73}},"44":{"start":{"line":87,"column":8},"end":{"line":87,"column":14}},"45":{"start":{"line":89,"column":8},"end":{"line":89,"column":62}},"46":{"start":{"line":90,"column":8},"end":{"line":92,"column":9}},"47":{"start":{"line":91,"column":10},"end":{"line":91,"column":74}},"48":{"start":{"line":93,"column":8},"end":{"line":93,"column":14}},"49":{"start":{"line":95,"column":8},"end":{"line":95,"column":75}},"50":{"start":{"line":96,"column":8},"end":{"line":96,"column":27}},"51":{"start":{"line":97,"column":8},"end":{"line":97,"column":67}},"52":{"start":{"line":98,"column":8},"end":{"line":98,"column":39}},"53":{"start":{"line":99,"column":8},"end":{"line":99,"column":14}},"54":{"start":{"line":102,"column":34},"end":{"line":102,"column":36}},"55":{"start":{"line":104,"column":4},"end":{"line":135,"column":5}},"56":{"start":{"line":105,"column":6},"end":{"line":105,"column":95}},"57":{"start":{"line":106,"column":6},"end":{"line":134,"column":7}},"58":{"start":{"line":107,"column":19},"end":{"line":107,"column":74}},"59":{"start":{"line":108,"column":23},"end":{"line":121,"column":10}},"60":{"start":{"line":123,"column":25},"end":{"line":126,"column":10}},"61":{"start":{"line":128,"column":24},"end":{"line":128,"column":45}},"62":{"start":{"line":129,"column":28},"end":{"line":129,"column":86}},"63":{"start":{"line":130,"column":8},"end":{"line":130,"column":47}},"64":{"start":{"line":131,"column":8},"end":{"line":131,"column":100}},"65":{"start":{"line":133,"column":8},"end":{"line":133,"column":96}},"66":{"start":{"line":138,"column":4},"end":{"line":177,"column":5}},"67":{"start":{"line":139,"column":6},"end":{"line":176,"column":8}},"68":{"start":{"line":180,"column":21},"end":{"line":180,"column":44}},"69":{"start":{"line":181,"column":4},"end":{"line":199,"column":5}},"70":{"start":{"line":182,"column":6},"end":{"line":182,"column":105}},"71":{"start":{"line":183,"column":6},"end":{"line":183,"column":33}},"72":{"start":{"line":186,"column":6},"end":{"line":194,"column":9}},"73":{"start":{"line":197,"column":26},"end":{"line":197,"column":63}},"74":{"start":{"line":198,"column":6},"end":{"line":198,"column":71}},"75":{"start":{"line":201,"column":4},"end":{"line":217,"column":6}},"76":{"start":{"line":4,"column":0},"end":{"line":4,"column":13}}},"fnMap":{"0":{"name":"(anonymous_0)","decl":{"start":{"line":8,"column":9},"end":{"line":8,"column":14}},"loc":{"start":{"line":14,"column":27},"end":{"line":218,"column":3}}}},"branchMap":{"0":{"loc":{"start":{"line":12,"column":4},"end":{"line":12,"column":25}},"type":"default-arg","locations":[{"start":{"line":12,"column":21},"end":{"line":12,"column":25}}]},"1":{"loc":{"start":{"line":13,"column":4},"end":{"line":13,"column":31}},"type":"default-arg","locations":[{"start":{"line":13,"column":22},"end":{"line":13,"column":31}}]},"2":{"loc":{"start":{"line":14,"column":4},"end":{"line":14,"column":27}},"type":"default-arg","locations":[{"start":{"line":14,"column":22},"end":{"line":14,"column":27}}]},"3":{"loc":{"start":{"line":17,"column":4},"end":{"line":42,"column":5}},"type":"if","locations":[{"start":{"line":17,"column":4},"end":{"line":42,"column":5}},{"start":{},"end":{}}]},"4":{"loc":{"start":{"line":32,"column":8},"end":{"line":37,"column":9}},"type":"if","locations":[{"start":{"line":32,"column":8},"end":{"line":37,"column":9}},{"start":{"line":35,"column":15},"end":{"line":37,"column":9}}]},"5":{"loc":{"start":{"line":39,"column":8},"end":{"line":39,"column":66}},"type":"if","locations":[{"start":{"line":39,"column":8},"end":{"line":39,"column":66}},{"start":{},"end":{}}]},"6":{"loc":{"start":{"line":60,"column":4},"end":{"line":66,"column":5}},"type":"if","locations":[{"start":{"line":60,"column":4},"end":{"line":66,"column":5}},{"start":{"line":63,"column":11},"end":{"line":66,"column":5}}]},"7":{"loc":{"start":{"line":63,"column":11},"end":{"line":66,"column":5}},"type":"if","locations":[{"start":{"line":63,"column":11},"end":{"line":66,"column":5}},{"start":{},"end":{}}]},"8":{"loc":{"start":{"line":69,"column":4},"end":{"line":100,"column":5}},"type":"switch","locations":[{"start":{"line":70,"column":6},"end":{"line":77,"column":14}},{"start":{"line":78,"column":6},"end":{"line":81,"column":14}},{"start":{"line":82,"column":6},"end":{"line":87,"column":14}},{"start":{"line":88,"column":6},"end":{"line":93,"column":14}},{"start":{"line":94,"column":6},"end":{"line":99,"column":14}}]},"9":{"loc":{"start":{"line":72,"column":8},"end":{"line":74,"column":9}},"type":"if","locations":[{"start":{"line":72,"column":8},"end":{"line":74,"column":9}},{"start":{},"end":{}}]},"10":{"loc":{"start":{"line":84,"column":8},"end":{"line":86,"column":9}},"type":"if","locations":[{"start":{"line":84,"column":8},"end":{"line":86,"column":9}},{"start":{},"end":{}}]},"11":{"loc":{"start":{"line":90,"column":8},"end":{"line":92,"column":9}},"type":"if","locations":[{"start":{"line":90,"column":8},"end":{"line":92,"column":9}},{"start":{},"end":{}}]},"12":{"loc":{"start":{"line":104,"column":4},"end":{"line":135,"column":5}},"type":"if","locations":[{"start":{"line":104,"column":4},"end":{"line":135,"column":5}},{"start":{},"end":{}}]},"13":{"loc":{"start":{"line":128,"column":24},"end":{"line":128,"column":45}},"type":"binary-expr","locations":[{"start":{"line":128,"column":24},"end":{"line":128,"column":37}},{"start":{"line":128,"column":41},"end":{"line":128,"column":45}}]},"14":{"loc":{"start":{"line":138,"column":4},"end":{"line":177,"column":5}},"type":"if","locations":[{"start":{"line":138,"column":4},"end":{"line":177,"column":5}},{"start":{},"end":{}}]},"15":{"loc":{"start":{"line":181,"column":4},"end":{"line":199,"column":5}},"type":"if","locations":[{"start":{"line":181,"column":4},"end":{"line":199,"column":5}},{"start":{},"end":{}}]}},"s":{"0":1,"1":3,"2":3,"3":3,"4":3,"5":3,"6":3,"7":2,"8":2,"9":0,"10":0,"11":2,"12":1,"13":0,"14":1,"15":3,"16":3,"17":3,"18":3,"19":3,"20":3,"21":3,"22":3,"23":3,"24":3,"25":3,"26":0,"27":0,"28":3,"29":0,"30":0,"31":3,"32":0,"33":0,"34":0,"35":0,"36":0,"37":0,"38":2,"39":2,"40":2,"41":1,"42":1,"43":0,"44":1,"45":0,"46":0,"47":0,"48":0,"49":0,"50":0,"51":0,"52":0,"53":0,"54":3,"55":3,"56":3,"57":3,"58":3,"59":3,"60":3,"61":2,"62":2,"63":2,"64":2,"65":1,"66":3,"67":1,"68":3,"69":3,"70":1,"71":1,"72":1,"73":1,"74":1,"75":3,"76":1},"f":{"0":3},"b":{"0":[0],"1":[0],"2":[0],"3":[3,0],"4":[0,2],"5":[0,1],"6":[0,3],"7":[0,3],"8":[0,2,1,0,0],"9":[0,0],"10":[0,1],"11":[0,0],"12":[3,0],"13":[2,0],"14":[1,2],"15":[1,2]}}
,"/Users/Shimna/google prompt wars/Promptwars8May/src/services/GoogleMapsErrorHandler.ts": {"path":"/Users/Shimna/google prompt wars/Promptwars8May/src/services/GoogleMapsErrorHandler.ts","statementMap":{"0":{"start":{"line":7,"column":4},"end":{"line":7,"column":19}},"1":{"start":{"line":8,"column":4},"end":{"line":8,"column":37}},"2":{"start":{"line":9,"column":4},"end":{"line":9,"column":33}},"3":{"start":{"line":10,"column":4},"end":{"line":10,"column":33}},"4":{"start":{"line":11,"column":4},"end":{"line":11,"column":27}},"5":{"start":{"line":12,"column":4},"end":{"line":12,"column":62}},"6":{"start":{"line":1,"column":0},"end":{"line":1,"column":13}},"7":{"start":{"line":21,"column":4},"end":{"line":53,"column":5}},"8":{"start":{"line":24,"column":21},"end":{"line":24,"column":42}},"9":{"start":{"line":25,"column":19},"end":{"line":25,"column":38}},"10":{"start":{"line":27,"column":25},"end":{"line":27,"column":57}},"11":{"start":{"line":28,"column":22},"end":{"line":28,"column":59}},"12":{"start":{"line":29,"column":22},"end":{"line":29,"column":48}},"13":{"start":{"line":31,"column":6},"end":{"line":46,"column":7}},"14":{"start":{"line":33,"column":10},"end":{"line":33,"column":97}},"15":{"start":{"line":35,"column":10},"end":{"line":35,"column":116}},"16":{"start":{"line":37,"column":10},"end":{"line":37,"column":99}},"17":{"start":{"line":39,"column":10},"end":{"line":39,"column":121}},"18":{"start":{"line":43,"column":10},"end":{"line":43,"column":112}},"19":{"start":{"line":45,"column":10},"end":{"line":45,"column":105}},"20":{"start":{"line":47,"column":11},"end":{"line":53,"column":5}},"21":{"start":{"line":49,"column":6},"end":{"line":49,"column":115}},"22":{"start":{"line":52,"column":6},"end":{"line":52,"column":86}},"23":{"start":{"line":16,"column":0},"end":{"line":16,"column":13}}},"fnMap":{"0":{"name":"(anonymous_0)","decl":{"start":{"line":6,"column":2},"end":{"line":6,"column":14}},"loc":{"start":{"line":6,"column":85},"end":{"line":13,"column":3}}},"1":{"name":"(anonymous_1)","decl":{"start":{"line":20,"column":9},"end":{"line":20,"column":15}},"loc":{"start":{"line":20,"column":38},"end":{"line":54,"column":3}}}},"branchMap":{"0":{"loc":{"start":{"line":21,"column":4},"end":{"line":53,"column":5}},"type":"if","locations":[{"start":{"line":21,"column":4},"end":{"line":53,"column":5}},{"start":{"line":47,"column":11},"end":{"line":53,"column":5}}]},"1":{"loc":{"start":{"line":27,"column":25},"end":{"line":27,"column":57}},"type":"binary-expr","locations":[{"start":{"line":27,"column":25},"end":{"line":27,"column":44}},{"start":{"line":27,"column":48},"end":{"line":27,"column":57}}]},"2":{"loc":{"start":{"line":28,"column":22},"end":{"line":28,"column":59}},"type":"binary-expr","locations":[{"start":{"line":28,"column":22},"end":{"line":28,"column":42}},{"start":{"line":28,"column":46},"end":{"line":28,"column":59}}]},"3":{"loc":{"start":{"line":29,"column":22},"end":{"line":29,"column":48}},"type":"binary-expr","locations":[{"start":{"line":29,"column":22},"end":{"line":29,"column":42}},{"start":{"line":29,"column":46},"end":{"line":29,"column":48}}]},"4":{"loc":{"start":{"line":31,"column":6},"end":{"line":46,"column":7}},"type":"switch","locations":[{"start":{"line":32,"column":8},"end":{"line":33,"column":97}},{"start":{"line":34,"column":8},"end":{"line":35,"column":116}},{"start":{"line":36,"column":8},"end":{"line":37,"column":99}},{"start":{"line":38,"column":8},"end":{"line":39,"column":121}},{"start":{"line":40,"column":8},"end":{"line":40,"column":17}},{"start":{"line":41,"column":8},"end":{"line":41,"column":17}},{"start":{"line":42,"column":8},"end":{"line":43,"column":112}},{"start":{"line":44,"column":8},"end":{"line":45,"column":105}}]},"5":{"loc":{"start":{"line":47,"column":11},"end":{"line":53,"column":5}},"type":"if","locations":[{"start":{"line":47,"column":11},"end":{"line":53,"column":5}},{"start":{"line":50,"column":11},"end":{"line":53,"column":5}}]}},"s":{"0":1,"1":1,"2":1,"3":1,"4":1,"5":1,"6":1,"7":1,"8":1,"9":1,"10":1,"11":1,"12":1,"13":1,"14":0,"15":1,"16":0,"17":0,"18":0,"19":0,"20":0,"21":0,"22":0,"23":1},"f":{"0":1,"1":1},"b":{"0":[1,0],"1":[1,1],"2":[1,0],"3":[1,1],"4":[0,1,0,0,0,0,0,0],"5":[0,0]}}
,"/Users/Shimna/google prompt wars/Promptwars8May/src/services/GoogleMapsRoutingService.ts": {"path":"/Users/Shimna/google prompt wars/Promptwars8May/src/services/GoogleMapsRoutingService.ts","statementMap":{"0":{"start":{"line":1,"column":0},"end":{"line":1,"column":45}},"1":{"start":{"line":2,"column":0},"end":{"line":2,"column":28}},"2":{"start":{"line":3,"column":0},"end":{"line":3,"column":28}},"3":{"start":{"line":10,"column":0},"end":{"line":10,"column":66}},"4":{"start":{"line":12,"column":0},"end":{"line":12,"column":16}},"5":{"start":{"line":16,"column":32},"end":{"line":16,"column":36}},"6":{"start":{"line":17,"column":75},"end":{"line":17,"column":84}},"7":{"start":{"line":19,"column":32},"end":{"line":19,"column":37}},"8":{"start":{"line":22,"column":4},"end":{"line":22,"column":56}},"9":{"start":{"line":24,"column":4},"end":{"line":27,"column":5}},"10":{"start":{"line":25,"column":6},"end":{"line":25,"column":116}},"11":{"start":{"line":26,"column":6},"end":{"line":26,"column":29}},"12":{"start":{"line":29,"column":4},"end":{"line":35,"column":7}},"13":{"start":{"line":38,"column":4},"end":{"line":44,"column":5}},"14":{"start":{"line":39,"column":6},"end":{"line":39,"column":52}},"15":{"start":{"line":40,"column":6},"end":{"line":43,"column":9}},"16":{"start":{"line":41,"column":8},"end":{"line":41,"column":56}},"17":{"start":{"line":42,"column":8},"end":{"line":42,"column":26}},"18":{"start":{"line":51,"column":37},"end":{"line":51,"column":39}},"19":{"start":{"line":52,"column":16},"end":{"line":52,"column":17}},"20":{"start":{"line":52,"column":25},"end":{"line":52,"column":39}},"21":{"start":{"line":53,"column":14},"end":{"line":53,"column":15}},"22":{"start":{"line":53,"column":23},"end":{"line":53,"column":24}},"23":{"start":{"line":55,"column":4},"end":{"line":76,"column":5}},"24":{"start":{"line":56,"column":21},"end":{"line":56,"column":22}},"25":{"start":{"line":56,"column":33},"end":{"line":56,"column":34}},"26":{"start":{"line":57,"column":6},"end":{"line":61,"column":26}},"27":{"start":{"line":58,"column":8},"end":{"line":58,"column":55}},"28":{"start":{"line":59,"column":8},"end":{"line":59,"column":38}},"29":{"start":{"line":60,"column":8},"end":{"line":60,"column":19}},"30":{"start":{"line":62,"column":18},"end":{"line":62,"column":63}},"31":{"start":{"line":63,"column":6},"end":{"line":63,"column":18}},"32":{"start":{"line":65,"column":6},"end":{"line":65,"column":16}},"33":{"start":{"line":66,"column":6},"end":{"line":66,"column":17}},"34":{"start":{"line":67,"column":6},"end":{"line":71,"column":26}},"35":{"start":{"line":68,"column":8},"end":{"line":68,"column":55}},"36":{"start":{"line":69,"column":8},"end":{"line":69,"column":38}},"37":{"start":{"line":70,"column":8},"end":{"line":70,"column":19}},"38":{"start":{"line":72,"column":18},"end":{"line":72,"column":63}},"39":{"start":{"line":73,"column":6},"end":{"line":73,"column":18}},"40":{"start":{"line":75,"column":6},"end":{"line":75,"column":42}},"41":{"start":{"line":77,"column":4},"end":{"line":77,"column":18}},"42":{"start":{"line":84,"column":4},"end":{"line":93,"column":5}},"43":{"start":{"line":85,"column":6},"end":{"line":85,"column":39}},"44":{"start":{"line":87,"column":20},"end":{"line":87,"column":45}},"45":{"start":{"line":88,"column":6},"end":{"line":90,"column":7}},"46":{"start":{"line":89,"column":8},"end":{"line":89,"column":27}},"47":{"start":{"line":91,"column":6},"end":{"line":91,"column":46}},"48":{"start":{"line":91,"column":17},"end":{"line":91,"column":46}},"49":{"start":{"line":92,"column":6},"end":{"line":92,"column":18}},"50":{"start":{"line":97,"column":4},"end":{"line":101,"column":5}},"51":{"start":{"line":98,"column":6},"end":{"line":98,"column":53}},"52":{"start":{"line":100,"column":6},"end":{"line":100,"column":86}},"53":{"start":{"line":108,"column":18},"end":{"line":108,"column":19}},"54":{"start":{"line":109,"column":4},"end":{"line":127,"column":5}},"55":{"start":{"line":110,"column":6},"end":{"line":126,"column":7}},"56":{"start":{"line":111,"column":8},"end":{"line":111,"column":33}},"57":{"start":{"line":113,"column":8},"end":{"line":113,"column":18}},"58":{"start":{"line":115,"column":8},"end":{"line":117,"column":9}},"59":{"start":{"line":116,"column":10},"end":{"line":116,"column":52}},"60":{"start":{"line":118,"column":8},"end":{"line":120,"column":9}},"61":{"start":{"line":119,"column":10},"end":{"line":119,"column":52}},"62":{"start":{"line":123,"column":24},"end":{"line":123,"column":50}},"63":{"start":{"line":124,"column":8},"end":{"line":124,"column":126}},"64":{"start":{"line":125,"column":8},"end":{"line":125,"column":67}},"65":{"start":{"line":125,"column":37},"end":{"line":125,"column":65}},"66":{"start":{"line":128,"column":4},"end":{"line":128,"column":35}},"67":{"start":{"line":138,"column":4},"end":{"line":151,"column":5}},"68":{"start":{"line":140,"column":6},"end":{"line":150,"column":8}},"69":{"start":{"line":153,"column":21},"end":{"line":153,"column":98}},"70":{"start":{"line":154,"column":23},"end":{"line":154,"column":52}},"71":{"start":{"line":156,"column":4},"end":{"line":159,"column":5}},"72":{"start":{"line":157,"column":6},"end":{"line":157,"column":81}},"73":{"start":{"line":158,"column":6},"end":{"line":158,"column":61}},"74":{"start":{"line":162,"column":20},"end":{"line":162,"column":113}},"75":{"start":{"line":163,"column":4},"end":{"line":165,"column":5}},"76":{"start":{"line":164,"column":6},"end":{"line":164,"column":44}},"77":{"start":{"line":167,"column":21},"end":{"line":172,"column":null}},"78":{"start":{"line":168,"column":6},"end":{"line":172,"column":8}},"79":{"start":{"line":176,"column":4},"end":{"line":176,"column":70}},"80":{"start":{"line":178,"column":4},"end":{"line":178,"column":25}},"81":{"start":{"line":187,"column":4},"end":{"line":196,"column":5}},"82":{"start":{"line":189,"column":6},"end":{"line":195,"column":9}},"83":{"start":{"line":198,"column":21},"end":{"line":198,"column":65}},"84":{"start":{"line":199,"column":23},"end":{"line":199,"column":52}},"85":{"start":{"line":201,"column":4},"end":{"line":204,"column":5}},"86":{"start":{"line":202,"column":6},"end":{"line":202,"column":86}},"87":{"start":{"line":203,"column":6},"end":{"line":203,"column":60}},"88":{"start":{"line":206,"column":22},"end":{"line":206,"column":98}},"89":{"start":{"line":208,"column":21},"end":{"line":213,"column":null}},"90":{"start":{"line":209,"column":6},"end":{"line":213,"column":8}},"91":{"start":{"line":216,"column":4},"end":{"line":216,"column":70}},"92":{"start":{"line":218,"column":4},"end":{"line":218,"column":25}},"93":{"start":{"line":14,"column":0},"end":{"line":14,"column":13}}},"fnMap":{"0":{"name":"(anonymous_1)","decl":{"start":{"line":21,"column":2},"end":{"line":21,"column":null}},"loc":{"start":{"line":21,"column":2},"end":{"line":45,"column":3}}},"1":{"name":"(anonymous_2)","decl":{"start":{"line":40,"column":29},"end":{"line":40,"column":30}},"loc":{"start":{"line":40,"column":37},"end":{"line":43,"column":7}}},"2":{"name":"(anonymous_3)","decl":{"start":{"line":50,"column":9},"end":{"line":50,"column":23}},"loc":{"start":{"line":50,"column":39},"end":{"line":78,"column":3}}},"3":{"name":"(anonymous_4)","decl":{"start":{"line":83,"column":10},"end":{"line":83,"column":15}},"loc":{"start":{"line":83,"column":36},"end":{"line":94,"column":3}}},"4":{"name":"(anonymous_5)","decl":{"start":{"line":96,"column":10},"end":{"line":96,"column":15}},"loc":{"start":{"line":96,"column":71},"end":{"line":102,"column":3}}},"5":{"name":"(anonymous_6)","decl":{"start":{"line":107,"column":10},"end":{"line":107,"column":15}},"loc":{"start":{"line":107,"column":79},"end":{"line":129,"column":3}}},"6":{"name":"(anonymous_7)","decl":{"start":{"line":125,"column":26},"end":{"line":125,"column":33}},"loc":{"start":{"line":125,"column":37},"end":{"line":125,"column":65}}},"7":{"name":"(anonymous_8)","decl":{"start":{"line":134,"column":9},"end":{"line":134,"column":14}},"loc":{"start":{"line":136,"column":43},"end":{"line":179,"column":3}}},"8":{"name":"(anonymous_9)","decl":{"start":{"line":167,"column":49},"end":{"line":167,"column":52}},"loc":{"start":{"line":168,"column":6},"end":{"line":172,"column":8}}},"9":{"name":"(anonymous_10)","decl":{"start":{"line":184,"column":9},"end":{"line":184,"column":14}},"loc":{"start":{"line":185,"column":42},"end":{"line":219,"column":3}}},"10":{"name":"(anonymous_11)","decl":{"start":{"line":208,"column":49},"end":{"line":208,"column":52}},"loc":{"start":{"line":209,"column":6},"end":{"line":213,"column":8}}}},"branchMap":{"0":{"loc":{"start":{"line":22,"column":18},"end":{"line":22,"column":55}},"type":"binary-expr","locations":[{"start":{"line":22,"column":18},"end":{"line":22,"column":49}},{"start":{"line":22,"column":53},"end":{"line":22,"column":55}}]},"1":{"loc":{"start":{"line":24,"column":4},"end":{"line":27,"column":5}},"type":"if","locations":[{"start":{"line":24,"column":4},"end":{"line":27,"column":5}},{"start":{},"end":{}}]},"2":{"loc":{"start":{"line":38,"column":4},"end":{"line":44,"column":5}},"type":"if","locations":[{"start":{"line":38,"column":4},"end":{"line":44,"column":5}},{"start":{},"end":{}}]},"3":{"loc":{"start":{"line":62,"column":18},"end":{"line":62,"column":63}},"type":"cond-expr","locations":[{"start":{"line":62,"column":33},"end":{"line":62,"column":47}},{"start":{"line":62,"column":51},"end":{"line":62,"column":62}}]},"4":{"loc":{"start":{"line":72,"column":18},"end":{"line":72,"column":63}},"type":"cond-expr","locations":[{"start":{"line":72,"column":33},"end":{"line":72,"column":47}},{"start":{"line":72,"column":51},"end":{"line":72,"column":62}}]},"5":{"loc":{"start":{"line":84,"column":4},"end":{"line":93,"column":5}},"type":"if","locations":[{"start":{"line":84,"column":4},"end":{"line":93,"column":5}},{"start":{"line":86,"column":11},"end":{"line":93,"column":5}}]},"6":{"loc":{"start":{"line":88,"column":6},"end":{"line":90,"column":7}},"type":"if","locations":[{"start":{"line":88,"column":6},"end":{"line":90,"column":7}},{"start":{},"end":{}}]},"7":{"loc":{"start":{"line":88,"column":10},"end":{"line":88,"column":47}},"type":"binary-expr","locations":[{"start":{"line":88,"column":10},"end":{"line":88,"column":15}},{"start":{"line":88,"column":19},"end":{"line":88,"column":47}}]},"8":{"loc":{"start":{"line":91,"column":6},"end":{"line":91,"column":46}},"type":"if","locations":[{"start":{"line":91,"column":6},"end":{"line":91,"column":46}},{"start":{},"end":{}}]},"9":{"loc":{"start":{"line":97,"column":4},"end":{"line":101,"column":5}},"type":"if","locations":[{"start":{"line":97,"column":4},"end":{"line":101,"column":5}},{"start":{"line":99,"column":11},"end":{"line":101,"column":5}}]},"10":{"loc":{"start":{"line":107,"column":65},"end":{"line":107,"column":79}},"type":"default-arg","locations":[{"start":{"line":107,"column":78},"end":{"line":107,"column":79}}]},"11":{"loc":{"start":{"line":115,"column":8},"end":{"line":117,"column":9}},"type":"if","locations":[{"start":{"line":115,"column":8},"end":{"line":117,"column":9}},{"start":{},"end":{}}]},"12":{"loc":{"start":{"line":115,"column":12},"end":{"line":115,"column":122}},"type":"binary-expr","locations":[{"start":{"line":115,"column":12},"end":{"line":115,"column":26}},{"start":{"line":115,"column":30},"end":{"line":115,"column":58}},{"start":{"line":115,"column":62},"end":{"line":115,"column":89}},{"start":{"line":115,"column":93},"end":{"line":115,"column":122}}]},"13":{"loc":{"start":{"line":118,"column":8},"end":{"line":120,"column":9}},"type":"if","locations":[{"start":{"line":118,"column":8},"end":{"line":120,"column":9}},{"start":{},"end":{}}]},"14":{"loc":{"start":{"line":136,"column":4},"end":{"line":136,"column":43}},"type":"default-arg","locations":[{"start":{"line":136,"column":38},"end":{"line":136,"column":43}}]},"15":{"loc":{"start":{"line":138,"column":4},"end":{"line":151,"column":5}},"type":"if","locations":[{"start":{"line":138,"column":4},"end":{"line":151,"column":5}},{"start":{},"end":{}}]},"16":{"loc":{"start":{"line":147,"column":40},"end":{"line":147,"column":86}},"type":"cond-expr","locations":[{"start":{"line":147,"column":65},"end":{"line":147,"column":74}},{"start":{"line":147,"column":77},"end":{"line":147,"column":86}}]},"17":{"loc":{"start":{"line":156,"column":4},"end":{"line":159,"column":5}},"type":"if","locations":[{"start":{"line":156,"column":4},"end":{"line":159,"column":5}},{"start":{},"end":{}}]},"18":{"loc":{"start":{"line":163,"column":4},"end":{"line":165,"column":5}},"type":"if","locations":[{"start":{"line":163,"column":4},"end":{"line":165,"column":5}},{"start":{},"end":{}}]},"19":{"loc":{"start":{"line":163,"column":8},"end":{"line":163,"column":91}},"type":"binary-expr","locations":[{"start":{"line":163,"column":8},"end":{"line":163,"column":30}},{"start":{"line":163,"column":34},"end":{"line":163,"column":91}}]},"20":{"loc":{"start":{"line":187,"column":4},"end":{"line":196,"column":5}},"type":"if","locations":[{"start":{"line":187,"column":4},"end":{"line":196,"column":5}},{"start":{},"end":{}}]},"21":{"loc":{"start":{"line":201,"column":4},"end":{"line":204,"column":5}},"type":"if","locations":[{"start":{"line":201,"column":4},"end":{"line":204,"column":5}},{"start":{},"end":{}}]}},"s":{"0":1,"1":1,"2":1,"3":1,"4":1,"5":4,"6":4,"7":4,"8":4,"9":4,"10":0,"11":0,"12":4,"13":4,"14":0,"15":0,"16":0,"17":0,"18":1,"19":1,"20":1,"21":1,"22":1,"23":1,"24":3,"25":3,"26":3,"27":13,"28":13,"29":13,"30":3,"31":3,"32":3,"33":3,"34":3,"35":14,"36":14,"37":14,"38":3,"39":3,"40":3,"41":1,"42":4,"43":0,"44":4,"45":4,"46":1,"47":3,"48":0,"49":3,"50":2,"51":0,"52":2,"53":3,"54":3,"55":3,"56":3,"57":1,"58":1,"59":1,"60":0,"61":0,"62":0,"63":0,"64":0,"65":0,"66":0,"67":4,"68":0,"69":4,"70":4,"71":4,"72":1,"73":1,"74":3,"75":3,"76":0,"77":3,"78":3,"79":2,"80":2,"81":0,"82":0,"83":0,"84":0,"85":0,"86":0,"87":0,"88":0,"89":0,"90":0,"91":0,"92":0,"93":1},"f":{"0":4,"1":0,"2":1,"3":4,"4":2,"5":3,"6":0,"7":4,"8":3,"9":0,"10":0},"b":{"0":[4,0],"1":[0,4],"2":[0,4],"3":[0,3],"4":[3,0],"5":[0,4],"6":[1,3],"7":[4,1],"8":[0,3],"9":[0,2],"10":[3],"11":[1,0],"12":[1,1,1,1],"13":[0,0],"14":[0],"15":[0,4],"16":[0,0],"17":[1,3],"18":[0,3],"19":[3,3],"20":[0,0],"21":[0,0]}}
}
