TN:
SF:src/engine/TripPlanner.ts
FN:8,(anonymous_0)
FNF:1
FNH:1
FNDA:3,(anonymous_0)
DA:2,1
DA:4,1
DA:17,3
DA:18,3
DA:19,3
DA:20,3
DA:21,3
DA:26,3
DA:30,2
DA:32,2
DA:33,0
DA:34,0
DA:36,2
DA:39,1
DA:40,1
DA:44,3
DA:46,3
DA:49,3
DA:50,3
DA:51,3
DA:52,3
DA:53,3
DA:54,3
DA:57,3
DA:58,3
DA:60,3
DA:61,0
DA:62,0
DA:63,3
DA:64,0
DA:65,0
DA:69,3
DA:71,0
DA:72,0
DA:73,0
DA:75,0
DA:76,0
DA:77,0
DA:79,2
DA:80,2
DA:81,2
DA:83,1
DA:84,1
DA:85,0
DA:87,1
DA:89,0
DA:90,0
DA:91,0
DA:93,0
DA:95,0
DA:96,0
DA:97,0
DA:98,0
DA:99,0
DA:102,3
DA:104,3
DA:105,3
DA:106,3
DA:107,3
DA:108,3
DA:123,3
DA:128,2
DA:129,2
DA:130,2
DA:131,2
DA:133,1
DA:138,3
DA:139,1
DA:180,3
DA:181,3
DA:182,1
DA:183,1
DA:186,1
DA:197,1
DA:198,1
DA:201,3
LF:76
LH:54
BRDA:12,0,0,0
BRDA:13,1,0,0
BRDA:14,2,0,0
BRDA:17,3,0,3
BRDA:17,3,1,0
BRDA:32,4,0,0
BRDA:32,4,1,2
BRDA:39,5,0,0
BRDA:39,5,1,1
BRDA:60,6,0,0
BRDA:60,6,1,3
BRDA:63,7,0,0
BRDA:63,7,1,3
BRDA:69,8,0,0
BRDA:69,8,1,2
BRDA:69,8,2,1
BRDA:69,8,3,0
BRDA:69,8,4,0
BRDA:72,9,0,0
BRDA:72,9,1,0
BRDA:84,10,0,0
BRDA:84,10,1,1
BRDA:90,11,0,0
BRDA:90,11,1,0
BRDA:104,12,0,3
BRDA:104,12,1,0
BRDA:128,13,0,2
BRDA:128,13,1,0
BRDA:138,14,0,1
BRDA:138,14,1,2
BRDA:181,15,0,1
BRDA:181,15,1,2
BRF:32
BRH:14
end_of_record
TN:
SF:src/services/GoogleMapsErrorHandler.ts
FN:6,(anonymous_0)
FN:20,(anonymous_1)
FNF:2
FNH:2
FNDA:1,(anonymous_0)
FNDA:1,(anonymous_1)
DA:1,1
DA:7,1
DA:8,1
DA:9,1
DA:10,1
DA:11,1
DA:12,1
DA:16,1
DA:21,1
DA:24,1
DA:25,1
DA:27,1
DA:28,1
DA:29,1
DA:31,1
DA:33,0
DA:35,1
DA:37,0
DA:39,0
DA:43,0
DA:45,0
DA:47,0
DA:49,0
DA:52,0
LF:24
LH:16
BRDA:21,0,0,1
BRDA:21,0,1,0
BRDA:27,1,0,1
BRDA:27,1,1,1
BRDA:28,2,0,1
BRDA:28,2,1,0
BRDA:29,3,0,1
BRDA:29,3,1,1
BRDA:31,4,0,0
BRDA:31,4,1,1
BRDA:31,4,2,0
BRDA:31,4,3,0
BRDA:31,4,4,0
BRDA:31,4,5,0
BRDA:31,4,6,0
BRDA:31,4,7,0
BRDA:47,5,0,0
BRDA:47,5,1,0
BRF:18
BRH:7
end_of_record
TN:
SF:src/services/GoogleMapsRoutingService.ts
FN:21,(anonymous_1)
FN:40,(anonymous_2)
FN:50,(anonymous_3)
FN:83,(anonymous_4)
FN:96,(anonymous_5)
FN:107,(anonymous_6)
FN:125,(anonymous_7)
FN:134,(anonymous_8)
FN:167,(anonymous_9)
FN:184,(anonymous_10)
FN:208,(anonymous_11)
FNF:11
FNH:7
FNDA:4,(anonymous_1)
FNDA:0,(anonymous_2)
FNDA:1,(anonymous_3)
FNDA:4,(anonymous_4)
FNDA:2,(anonymous_5)
FNDA:3,(anonymous_6)
FNDA:0,(anonymous_7)
FNDA:4,(anonymous_8)
FNDA:3,(anonymous_9)
FNDA:0,(anonymous_10)
FNDA:0,(anonymous_11)
DA:1,1
DA:2,1
DA:3,1
DA:10,1
DA:12,1
DA:14,1
DA:16,4
DA:17,4
DA:19,4
DA:22,4
DA:24,4
DA:25,0
DA:26,0
DA:29,4
DA:38,4
DA:39,0
DA:40,0
DA:41,0
DA:42,0
DA:51,1
DA:52,1
DA:53,1
DA:55,1
DA:56,3
DA:57,3
DA:58,13
DA:59,13
DA:60,13
DA:62,3
DA:63,3
DA:65,3
DA:66,3
DA:67,3
DA:68,14
DA:69,14
DA:70,14
DA:72,3
DA:73,3
DA:75,3
DA:77,1
DA:84,4
DA:85,0
DA:87,4
DA:88,4
DA:89,1
DA:91,3
DA:92,3
DA:97,2
DA:98,0
DA:100,2
DA:108,3
DA:109,3
DA:110,3
DA:111,3
DA:113,1
DA:115,1
DA:116,1
DA:118,0
DA:119,0
DA:123,0
DA:124,0
DA:125,0
DA:128,0
DA:138,4
DA:140,0
DA:153,4
DA:154,4
DA:156,4
DA:157,1
DA:158,1
DA:162,3
DA:163,3
DA:164,0
DA:167,3
DA:168,3
DA:176,2
DA:178,2
DA:187,0
DA:189,0
DA:198,0
DA:199,0
DA:201,0
DA:202,0
DA:203,0
DA:206,0
DA:208,0
DA:209,0
DA:216,0
DA:218,0
LF:89
LH:61
BRDA:22,0,0,4
BRDA:22,0,1,0
BRDA:24,1,0,0
BRDA:24,1,1,4
BRDA:38,2,0,0
BRDA:38,2,1,4
BRDA:62,3,0,0
BRDA:62,3,1,3
BRDA:72,4,0,3
BRDA:72,4,1,0
BRDA:84,5,0,0
BRDA:84,5,1,4
BRDA:88,6,0,1
BRDA:88,6,1,3
BRDA:88,7,0,4
BRDA:88,7,1,1
BRDA:91,8,0,0
BRDA:91,8,1,3
BRDA:97,9,0,0
BRDA:97,9,1,2
BRDA:107,10,0,3
BRDA:115,11,0,1
BRDA:115,11,1,0
BRDA:115,12,0,1
BRDA:115,12,1,1
BRDA:115,12,2,1
BRDA:115,12,3,1
BRDA:118,13,0,0
BRDA:118,13,1,0
BRDA:136,14,0,0
BRDA:138,15,0,0
BRDA:138,15,1,4
BRDA:147,16,0,0
BRDA:147,16,1,0
BRDA:156,17,0,1
BRDA:156,17,1,3
BRDA:163,18,0,0
BRDA:163,18,1,3
BRDA:163,19,0,3
BRDA:163,19,1,3
BRDA:187,20,0,0
BRDA:187,20,1,0
BRDA:201,21,0,0
BRDA:201,21,1,0
BRF:44
BRH:24
end_of_record
